# JRE version: OpenJDK Runtime Environment Temurin-21.0.8+9 (21.0.8+9) (build 21.0.8+9-LTS)
# Java VM: OpenJDK 64-Bit Server VM Temurin-21.0.8+9 (21.0.8+9-LTS, mixed mode, sharing, tiered, compressed oops, compressed class ptrs, parallel gc, windows-amd64)
GC Precious Log:
 CardTable entry size: 512
 CPUs: 12 total, 12 available
 Memory: 15693M
 Large Page Support: Disabled
 NUMA Support: Disabled
 Compressed Oops: Enabled (32-bit)
 Alignments: Space 512K, Generation 512K, Heap 2M
 Heap Min Capacity: 100M
 Heap Initial Capacity: 100M
 Heap Max Capacity: 2G
 Pre-touch: Disabled
 Parallel Workers: 10
Heap:
 PSYoungGen      total 6656K, used 3014K [0x00000000d5580000, 0x00000000d6000000, 0x0000000100000000)
  eden space 6144K, 45% used [0x00000000d5580000,0x00000000d5841990,0x00000000d5b80000)
  from space 512K, 37% used [0x00000000d5f80000,0x00000000d5fb0000,0x00000000d6000000)
  to   space 1024K, 0% used [0x00000000d5e00000,0x00000000d5e00000,0x00000000d5f00000)
 ParOldGen       total 259072K, used 218190K [0x0000000080000000, 0x000000008fd00000, 0x00000000d5580000)
  object space 259072K, 84% used [0x0000000080000000,0x000000008d513bd8,0x000000008fd00000)
 Metaspace       used 80979K, committed 82688K, reserved 1179648K
  class space    used 8484K, committed 9344K, reserved 1048576K
GC Heap History (20 events):
Event: 2738.335 GC heap before
{Heap before GC invocations=393 (full 4):
 PSYoungGen      total 10752K, used 10282K [0x00000000d5580000, 0x00000000d6180000, 0x0000000100000000)
  eden space 9728K, 100% used [0x00000000d5580000,0x00000000d5f00000,0x00000000d5f00000)
  from space 1024K, 54% used [0x00000000d6080000,0x00000000d610a910,0x00000000d6180000)
  to   space 1024K, 0% used [0x00000000d5f00000,0x00000000d5f00000,0x00000000d6000000)
 ParOldGen       total 259072K, used 208684K [0x0000000080000000, 0x000000008fd00000, 0x00000000d5580000)
  object space 259072K, 80% used [0x0000000080000000,0x000000008cbcb070,0x000000008fd00000)
 Metaspace       used 80912K, committed 82624K, reserved 1179648K
  class space    used 8484K, committed 9344K, reserved 1048576K
}
Event: 2738.337 GC heap after
{Heap after GC invocations=393 (full 4):
 PSYoungGen      total 10752K, used 538K [0x00000000d5580000, 0x00000000d6100000, 0x0000000100000000)
  eden space 9728K, 0% used [0x00000000d5580000,0x00000000d5580000,0x00000000d5f00000)
  from space 1024K, 52% used [0x00000000d5f00000,0x00000000d5f86900,0x00000000d6000000)
  to   space 1024K, 0% used [0x00000000d6000000,0x00000000d6000000,0x00000000d6100000)
 ParOldGen       total 259072K, used 208732K [0x0000000080000000, 0x000000008fd00000, 0x00000000d5580000)
  object space 259072K, 80% used [0x0000000080000000,0x000000008cbd7070,0x000000008fd00000)
 Metaspace       used 80912K, committed 82624K, reserved 1179648K
  class space    used 8484K, committed 9344K, reserved 1048576K
}
Event: 2738.369 GC heap before
{Heap before GC invocations=394 (full 4):
 PSYoungGen      total 10752K, used 10266K [0x00000000d5580000, 0x00000000d6100000, 0x0000000100000000)
  eden space 9728K, 100% used [0x00000000d5580000,0x00000000d5f00000,0x00000000d5f00000)
  from space 1024K, 52% used [0x00000000d5f00000,0x00000000d5f86900,0x00000000d6000000)
  to   space 1024K, 0% used [0x00000000d6000000,0x00000000d6000000,0x00000000d6100000)
 ParOldGen       total 259072K, used 208732K [0x0000000080000000, 0x000000008fd00000, 0x00000000d5580000)
  object space 259072K, 80% used [0x0000000080000000,0x000000008cbd7070,0x000000008fd00000)
 Metaspace       used 80944K, committed 82688K, reserved 1179648K
  class space    used 8484K, committed 9344K, reserved 1048576K
}
Event: 2738.374 GC heap after
{Heap after GC invocations=394 (full 4):
 PSYoungGen      total 8704K, used 993K [0x00000000d5580000, 0x00000000d6500000, 0x0000000100000000)
  eden space 7680K, 0% used [0x00000000d5580000,0x00000000d5580000,0x00000000d5d00000)
  from space 1024K, 97% used [0x00000000d6000000,0x00000000d60f8608,0x00000000d6100000)
  to   space 3072K, 0% used [0x00000000d5d00000,0x00000000d5d00000,0x00000000d6000000)
 ParOldGen       total 259072K, used 210318K [0x0000000080000000, 0x000000008fd00000, 0x00000000d5580000)
  object space 259072K, 81% used [0x0000000080000000,0x000000008cd638c8,0x000000008fd00000)
 Metaspace       used 80944K, committed 82688K, reserved 1179648K
  class space    used 8484K, committed 9344K, reserved 1048576K
}
Event: 2738.428 GC heap before
{Heap before GC invocations=395 (full 4):
 PSYoungGen      total 8704K, used 8673K [0x00000000d5580000, 0x00000000d6500000, 0x0000000100000000)
  eden space 7680K, 100% used [0x00000000d5580000,0x00000000d5d00000,0x00000000d5d00000)
  from space 1024K, 97% used [0x00000000d6000000,0x00000000d60f8608,0x00000000d6100000)
  to   space 3072K, 0% used [0x00000000d5d00000,0x00000000d5d00000,0x00000000d6000000)
 ParOldGen       total 259072K, used 210318K [0x0000000080000000, 0x000000008fd00000, 0x00000000d5580000)
  object space 259072K, 81% used [0x0000000080000000,0x000000008cd638c8,0x000000008fd00000)
 Metaspace       used 80948K, committed 82688K, reserved 1179648K
  class space    used 8484K, committed 9344K, reserved 1048576K
}
Event: 2738.432 GC heap after
{Heap after GC invocations=395 (full 4):
 PSYoungGen      total 9216K, used 1140K [0x00000000d5580000, 0x00000000d6100000, 0x0000000100000000)
  eden space 7680K, 0% used [0x00000000d5580000,0x00000000d5580000,0x00000000d5d00000)
  from space 1536K, 74% used [0x00000000d5d00000,0x00000000d5e1d200,0x00000000d5e80000)
  to   space 2048K, 0% used [0x00000000d5f00000,0x00000000d5f00000,0x00000000d6100000)
 ParOldGen       total 259072K, used 210818K [0x0000000080000000, 0x000000008fd00000, 0x00000000d5580000)
  object space 259072K, 81% used [0x0000000080000000,0x000000008cde08d8,0x000000008fd00000)
 Metaspace       used 80948K, committed 82688K, reserved 1179648K
  class space    used 8484K, committed 9344K, reserved 1048576K
}
Event: 2738.457 GC heap before
{Heap before GC invocations=396 (full 4):
 PSYoungGen      total 9216K, used 8820K [0x00000000d5580000, 0x00000000d6100000, 0x0000000100000000)
  eden space 7680K, 100% used [0x00000000d5580000,0x00000000d5d00000,0x00000000d5d00000)
  from space 1536K, 74% used [0x00000000d5d00000,0x00000000d5e1d200,0x00000000d5e80000)
  to   space 2048K, 0% used [0x00000000d5f00000,0x00000000d5f00000,0x00000000d6100000)
 ParOldGen       total 259072K, used 210818K [0x0000000080000000, 0x000000008fd00000, 0x00000000d5580000)
  object space 259072K, 81% used [0x0000000080000000,0x000000008cde08d8,0x000000008fd00000)
 Metaspace       used 80949K, committed 82688K, reserved 1179648K
  class space    used 8484K, committed 9344K, reserved 1048576K
}
Event: 2738.460 GC heap after
{Heap after GC invocations=396 (full 4):
 PSYoungGen      total 8192K, used 2019K [0x00000000d5580000, 0x00000000d6400000, 0x0000000100000000)
  eden space 6144K, 0% used [0x00000000d5580000,0x00000000d5580000,0x00000000d5b80000)
  from space 2048K, 98% used [0x00000000d5f00000,0x00000000d60f8c10,0x00000000d6100000)
  to   space 3584K, 0% used [0x00000000d5b80000,0x00000000d5b80000,0x00000000d5f00000)
 ParOldGen       total 259072K, used 211882K [0x0000000080000000, 0x000000008fd00000, 0x00000000d5580000)
  object space 259072K, 81% used [0x0000000080000000,0x000000008ceeaaf8,0x000000008fd00000)
 Metaspace       used 80949K, committed 82688K, reserved 1179648K
  class space    used 8484K, committed 9344K, reserved 1048576K
}
Event: 2739.130 GC heap before
{Heap before GC invocations=397 (full 4):
 PSYoungGen      total 8192K, used 8163K [0x00000000d5580000, 0x00000000d6400000, 0x0000000100000000)
  eden space 6144K, 100% used [0x00000000d5580000,0x00000000d5b80000,0x00000000d5b80000)
  from space 2048K, 98% used [0x00000000d5f00000,0x00000000d60f8c10,0x00000000d6100000)
  to   space 3584K, 0% used [0x00000000d5b80000,0x00000000d5b80000,0x00000000d5f00000)
 ParOldGen       total 259072K, used 211882K [0x0000000080000000, 0x000000008fd00000, 0x00000000d5580000)
  object space 259072K, 81% used [0x0000000080000000,0x000000008ceeaaf8,0x000000008fd00000)
 Metaspace       used 80959K, committed 82688K, reserved 1179648K
  class space    used 8484K, committed 9344K, reserved 1048576K
}
Event: 2739.133 GC heap after
{Heap after GC invocations=397 (full 4):
 PSYoungGen      total 6656K, used 500K [0x00000000d5580000, 0x00000000d5f80000, 0x0000000100000000)
  eden space 6144K, 0% used [0x00000000d5580000,0x00000000d5580000,0x00000000d5b80000)
  from space 512K, 97% used [0x00000000d5b80000,0x00000000d5bfd200,0x00000000d5c00000)
  to   space 1536K, 0% used [0x00000000d5e00000,0x00000000d5e00000,0x00000000d5f80000)
 ParOldGen       total 259072K, used 212354K [0x0000000080000000, 0x000000008fd00000, 0x00000000d5580000)
  object space 259072K, 81% used [0x0000000080000000,0x000000008cf60b08,0x000000008fd00000)
 Metaspace       used 80959K, committed 82688K, reserved 1179648K
  class space    used 8484K, committed 9344K, reserved 1048576K
}
Event: 2739.174 GC heap before
{Heap before GC invocations=398 (full 4):
 PSYoungGen      total 6656K, used 6599K [0x00000000d5580000, 0x00000000d5f80000, 0x0000000100000000)
  eden space 6144K, 99% used [0x00000000d5580000,0x00000000d5b74bf8,0x00000000d5b80000)
  from space 512K, 97% used [0x00000000d5b80000,0x00000000d5bfd200,0x00000000d5c00000)
  to   space 1536K, 0% used [0x00000000d5e00000,0x00000000d5e00000,0x00000000d5f80000)
 ParOldGen       total 259072K, used 212354K [0x0000000080000000, 0x000000008fd00000, 0x00000000d5580000)
  object space 259072K, 81% used [0x0000000080000000,0x000000008cf60b08,0x000000008fd00000)
 Metaspace       used 80967K, committed 82688K, reserved 1179648K
  class space    used 8484K, committed 9344K, reserved 1048576K
}
Event: 2739.177 GC heap after
{Heap after GC invocations=398 (full 4):
 PSYoungGen      total 7168K, used 897K [0x00000000d5580000, 0x00000000d5f00000, 0x0000000100000000)
  eden space 6144K, 0% used [0x00000000d5580000,0x00000000d5580000,0x00000000d5b80000)
  from space 1024K, 87% used [0x00000000d5e00000,0x00000000d5ee0608,0x00000000d5f00000)
  to   space 1024K, 0% used [0x00000000d5d00000,0x00000000d5d00000,0x00000000d5e00000)
 ParOldGen       total 259072K, used 212803K [0x0000000080000000, 0x000000008fd00000, 0x00000000d5580000)
  object space 259072K, 82% used [0x0000000080000000,0x000000008cfd0d18,0x000000008fd00000)
 Metaspace       used 80967K, committed 82688K, reserved 1179648K
  class space    used 8484K, committed 9344K, reserved 1048576K
}
Event: 2739.204 GC heap before
{Heap before GC invocations=399 (full 4):
 PSYoungGen      total 7168K, used 7041K [0x00000000d5580000, 0x00000000d5f00000, 0x0000000100000000)
  eden space 6144K, 99% used [0x00000000d5580000,0x00000000d5b7fff8,0x00000000d5b80000)
  from space 1024K, 87% used [0x00000000d5e00000,0x00000000d5ee0608,0x00000000d5f00000)
  to   space 1024K, 0% used [0x00000000d5d00000,0x00000000d5d00000,0x00000000d5e00000)
 ParOldGen       total 259072K, used 212803K [0x0000000080000000, 0x000000008fd00000, 0x00000000d5580000)
  object space 259072K, 82% used [0x0000000080000000,0x000000008cfd0d18,0x000000008fd00000)
 Metaspace       used 80967K, committed 82688K, reserved 1179648K
  class space    used 8484K, committed 9344K, reserved 1048576K
}
Event: 2739.211 GC heap after
{Heap after GC invocations=399 (full 4):
 PSYoungGen      total 7168K, used 993K [0x00000000d5580000, 0x00000000d6580000, 0x0000000100000000)
  eden space 6144K, 0% used [0x00000000d5580000,0x00000000d5580000,0x00000000d5b80000)
  from space 1024K, 97% used [0x00000000d5d00000,0x00000000d5df8608,0x00000000d5e00000)
  to   space 5120K, 0% used [0x00000000d6080000,0x00000000d6080000,0x00000000d6580000)
 ParOldGen       total 259072K, used 216048K [0x0000000080000000, 0x000000008fd00000, 0x00000000d5580000)
  object space 259072K, 83% used [0x0000000080000000,0x000000008d2fc370,0x000000008fd00000)
 Metaspace       used 80967K, committed 82688K, reserved 1179648K
  class space    used 8484K, committed 9344K, reserved 1048576K
}
Event: 2739.258 GC heap before
{Heap before GC invocations=400 (full 4):
 PSYoungGen      total 7168K, used 7137K [0x00000000d5580000, 0x00000000d6580000, 0x0000000100000000)
  eden space 6144K, 100% used [0x00000000d5580000,0x00000000d5b80000,0x00000000d5b80000)
  from space 1024K, 97% used [0x00000000d5d00000,0x00000000d5df8608,0x00000000d5e00000)
  to   space 5120K, 0% used [0x00000000d6080000,0x00000000d6080000,0x00000000d6580000)
 ParOldGen       total 259072K, used 216048K [0x0000000080000000, 0x000000008fd00000, 0x00000000d5580000)
  object space 259072K, 83% used [0x0000000080000000,0x000000008d2fc370,0x000000008fd00000)
 Metaspace       used 80968K, committed 82688K, reserved 1179648K
  class space    used 8484K, committed 9344K, reserved 1048576K
}
Event: 2739.262 GC heap after
{Heap after GC invocations=400 (full 4):
 PSYoungGen      total 7168K, used 788K [0x00000000d5580000, 0x00000000d6180000, 0x0000000100000000)
  eden space 6144K, 0% used [0x00000000d5580000,0x00000000d5580000,0x00000000d5b80000)
  from space 1024K, 77% used [0x00000000d6080000,0x00000000d6145200,0x00000000d6180000)
  to   space 2048K, 0% used [0x00000000d5d80000,0x00000000d5d80000,0x00000000d5f80000)
 ParOldGen       total 259072K, used 217066K [0x0000000080000000, 0x000000008fd00000, 0x00000000d5580000)
  object space 259072K, 83% used [0x0000000080000000,0x000000008d3fa978,0x000000008fd00000)
 Metaspace       used 80968K, committed 82688K, reserved 1179648K
  class space    used 8484K, committed 9344K, reserved 1048576K
}
Event: 2739.285 GC heap before
{Heap before GC invocations=401 (full 4):
 PSYoungGen      total 7168K, used 6932K [0x00000000d5580000, 0x00000000d6180000, 0x0000000100000000)
  eden space 6144K, 99% used [0x00000000d5580000,0x00000000d5b7fff0,0x00000000d5b80000)
  from space 1024K, 77% used [0x00000000d6080000,0x00000000d6145200,0x00000000d6180000)
  to   space 2048K, 0% used [0x00000000d5d80000,0x00000000d5d80000,0x00000000d5f80000)
 ParOldGen       total 259072K, used 217066K [0x0000000080000000, 0x000000008fd00000, 0x00000000d5580000)
  object space 259072K, 83% used [0x0000000080000000,0x000000008d3fa978,0x000000008fd00000)
 Metaspace       used 80972K, committed 82688K, reserved 1179648K
  class space    used 8484K, committed 9344K, reserved 1048576K
}
Event: 2739.288 GC heap after
{Heap after GC invocations=401 (full 4):
 PSYoungGen      total 8192K, used 1827K [0x00000000d5580000, 0x00000000d6100000, 0x0000000100000000)
  eden space 6144K, 0% used [0x00000000d5580000,0x00000000d5580000,0x00000000d5b80000)
  from space 2048K, 89% used [0x00000000d5d80000,0x00000000d5f48c10,0x00000000d5f80000)
  to   space 1536K, 0% used [0x00000000d5f80000,0x00000000d5f80000,0x00000000d6100000)
 ParOldGen       total 259072K, used 217770K [0x0000000080000000, 0x000000008fd00000, 0x00000000d5580000)
  object space 259072K, 84% used [0x0000000080000000,0x000000008d4aaba8,0x000000008fd00000)
 Metaspace       used 80972K, committed 82688K, reserved 1179648K
  class space    used 8484K, committed 9344K, reserved 1048576K
}
Event: 2741.088 GC heap before
{Heap before GC invocations=402 (full 4):
 PSYoungGen      total 8192K, used 7969K [0x00000000d5580000, 0x00000000d6100000, 0x0000000100000000)
  eden space 6144K, 99% used [0x00000000d5580000,0x00000000d5b7fa68,0x00000000d5b80000)
  from space 2048K, 89% used [0x00000000d5d80000,0x00000000d5f48c10,0x00000000d5f80000)
  to   space 1536K, 0% used [0x00000000d5f80000,0x00000000d5f80000,0x00000000d6100000)
 ParOldGen       total 259072K, used 217770K [0x0000000080000000, 0x000000008fd00000, 0x00000000d5580000)
  object space 259072K, 84% used [0x0000000080000000,0x000000008d4aaba8,0x000000008fd00000)
 Metaspace       used 80976K, committed 82688K, reserved 1179648K
  class space    used 8484K, committed 9344K, reserved 1048576K
}
Event: 2741.091 GC heap after
{Heap after GC invocations=402 (full 4):
 PSYoungGen      total 6656K, used 192K [0x00000000d5580000, 0x00000000d6000000, 0x0000000100000000)
  eden space 6144K, 0% used [0x00000000d5580000,0x00000000d5580000,0x00000000d5b80000)
  from space 512K, 37% used [0x00000000d5f80000,0x00000000d5fb0000,0x00000000d6000000)
  to   space 1024K, 0% used [0x00000000d5e00000,0x00000000d5e00000,0x00000000d5f00000)
 ParOldGen       total 259072K, used 218190K [0x0000000080000000, 0x000000008fd00000, 0x00000000d5580000)
  object space 259072K, 84% used [0x0000000080000000,0x000000008d513bd8,0x000000008fd00000)
 Metaspace       used 80976K, committed 82688K, reserved 1179648K
  class space    used 8484K, committed 9344K, reserved 1048576K
}

